# JRE version: Java(TM) SE Runtime Environment (8.0_65-b17) (build 1.8.0_65-b17)
# Java VM: Java HotSpot(TM) 64-Bit Server VM (25.65-b01 mixed mode windows-amd64 compressed oops)
Heap:
 PSYoungGen      total 130560K, used 74865K [0x000000076b300000, 0x0000000774880000, 0x00000007c0000000)
  eden space 112640K, 58% used [0x000000076b300000,0x000000076f327028,0x0000000772100000)
  from space 17920K, 51% used [0x0000000772100000,0x00000007729f5530,0x0000000773280000)
  to   space 17408K, 0% used [0x0000000773780000,0x0000000773780000,0x0000000774880000)
 ParOldGen       total 204288K, used 26102K [0x00000006c1800000, 0x00000006cdf80000, 0x000000076b300000)
  object space 204288K, 12% used [0x00000006c1800000,0x00000006c317d938,0x00000006cdf80000)
 Metaspace       used 43271K, capacity 44158K, committed 44416K, reserved 1087488K
  class space    used 5371K, capacity 5636K, committed 5760K, reserved 1048576K
GC Heap History (10 events):
Event: 13.784 GC heap before
{Heap before GC invocations=9 (full 1):
 PSYoungGen      total 81920K, used 73079K [0x000000076b300000, 0x0000000773300000, 0x00000007c0000000)
  eden space 64512K, 100% used [0x000000076b300000,0x000000076f200000,0x000000076f200000)
  from space 17408K, 49% used [0x000000076f200000,0x000000076fa5de18,0x0000000770300000)
  to   space 17408K, 0% used [0x0000000772200000,0x0000000772200000,0x0000000773300000)
 ParOldGen       total 121856K, used 19113K [0x00000006c1800000, 0x00000006c8f00000, 0x000000076b300000)
  object space 121856K, 15% used [0x00000006c1800000,0x00000006c2aaa750,0x00000006c8f00000)
 Metaspace       used 31787K, capacity 32546K, committed 32768K, reserved 1077248K
  class space    used 3820K, capacity 4058K, committed 4096K, reserved 1048576K
Event: 13.793 GC heap after
Heap after GC invocations=9 (full 1):
 PSYoungGen      total 113152K, used 6514K [0x000000076b300000, 0x0000000773480000, 0x00000007c0000000)
  eden space 95744K, 0% used [0x000000076b300000,0x000000076b300000,0x0000000771080000)
  from space 17408K, 37% used [0x0000000772200000,0x000000077285c870,0x0000000773300000)
  to   space 17920K, 0% used [0x0000000771080000,0x0000000771080000,0x0000000772200000)
 ParOldGen       total 121856K, used 19121K [0x00000006c1800000, 0x00000006c8f00000, 0x000000076b300000)
  object space 121856K, 15% used [0x00000006c1800000,0x00000006c2aac750,0x00000006c8f00000)
 Metaspace       used 31787K, capacity 32546K, committed 32768K, reserved 1077248K
  class space    used 3820K, capacity 4058K, committed 4096K, reserved 1048576K
}
Event: 15.038 GC heap before
{Heap before GC invocations=10 (full 1):
 PSYoungGen      total 113152K, used 72653K [0x000000076b300000, 0x0000000773480000, 0x00000007c0000000)
  eden space 95744K, 69% used [0x000000076b300000,0x000000076f396f88,0x0000000771080000)
  from space 17408K, 37% used [0x0000000772200000,0x000000077285c870,0x0000000773300000)
  to   space 17920K, 0% used [0x0000000771080000,0x0000000771080000,0x0000000772200000)
 ParOldGen       total 121856K, used 19121K [0x00000006c1800000, 0x00000006c8f00000, 0x000000076b300000)
  object space 121856K, 15% used [0x00000006c1800000,0x00000006c2aac750,0x00000006c8f00000)
 Metaspace       used 34583K, capacity 35314K, committed 35456K, reserved 1081344K
  class space    used 4187K, capacity 4418K, committed 4480K, reserved 1048576K
Event: 15.049 GC heap after
Heap after GC invocations=10 (full 1):
 PSYoungGen      total 113664K, used 8745K [0x000000076b300000, 0x0000000774e80000, 0x00000007c0000000)
  eden space 95744K, 0% used [0x000000076b300000,0x000000076b300000,0x0000000771080000)
  from space 17920K, 48% used [0x0000000771080000,0x000000077190a548,0x0000000772200000)
  to   space 17920K, 0% used [0x0000000773d00000,0x0000000773d00000,0x0000000774e80000)
 ParOldGen       total 121856K, used 19129K [0x00000006c1800000, 0x00000006c8f00000, 0x000000076b300000)
  object space 121856K, 15% used [0x00000006c1800000,0x00000006c2aae750,0x00000006c8f00000)
 Metaspace       used 34583K, capacity 35314K, committed 35456K, reserved 1081344K
  class space    used 4187K, capacity 4418K, committed 4480K, reserved 1048576K
}
Event: 15.049 GC heap before
{Heap before GC invocations=11 (full 2):
 PSYoungGen      total 113664K, used 8745K [0x000000076b300000, 0x0000000774e80000, 0x00000007c0000000)
  eden space 95744K, 0% used [0x000000076b300000,0x000000076b300000,0x0000000771080000)
  from space 17920K, 48% used [0x0000000771080000,0x000000077190a548,0x0000000772200000)
  to   space 17920K, 0% used [0x0000000773d00000,0x0000000773d00000,0x0000000774e80000)
 ParOldGen       total 121856K, used 19129K [0x00000006c1800000, 0x00000006c8f00000, 0x000000076b300000)
  object space 121856K, 15% used [0x00000006c1800000,0x00000006c2aae750,0x00000006c8f00000)
 Metaspace       used 34583K, capacity 35314K, committed 35456K, reserved 1081344K
  class space    used 4187K, capacity 4418K, committed 4480K, reserved 1048576K
Event: 15.285 GC heap after
Heap after GC invocations=11 (full 2):
 PSYoungGen      total 113664K, used 0K [0x000000076b300000, 0x0000000774e80000, 0x00000007c0000000)
  eden space 95744K, 0% used [0x000000076b300000,0x000000076b300000,0x0000000771080000)
  from space 17920K, 0% used [0x0000000771080000,0x0000000771080000,0x0000000772200000)
  to   space 17920K, 0% used [0x0000000773d00000,0x0000000773d00000,0x0000000774e80000)
 ParOldGen       total 204288K, used 26086K [0x00000006c1800000, 0x00000006cdf80000, 0x000000076b300000)
  object space 204288K, 12% used [0x00000006c1800000,0x00000006c3179938,0x00000006cdf80000)
 Metaspace       used 34583K, capacity 35314K, committed 35456K, reserved 1081344K
  class space    used 4187K, capacity 4418K, committed 4480K, reserved 1048576K
}
Event: 18.290 GC heap before
{Heap before GC invocations=12 (full 2):
 PSYoungGen      total 113664K, used 95744K [0x000000076b300000, 0x0000000774e80000, 0x00000007c0000000)
  eden space 95744K, 100% used [0x000000076b300000,0x0000000771080000,0x0000000771080000)
  from space 17920K, 0% used [0x0000000771080000,0x0000000771080000,0x0000000772200000)
  to   space 17920K, 0% used [0x0000000773d00000,0x0000000773d00000,0x0000000774e80000)
 ParOldGen       total 204288K, used 26086K [0x00000006c1800000, 0x00000006cdf80000, 0x000000076b300000)
  object space 204288K, 12% used [0x00000006c1800000,0x00000006c3179938,0x00000006cdf80000)
 Metaspace       used 39405K, capacity 40172K, committed 40448K, reserved 1085440K
  class space    used 4888K, capacity 5111K, committed 5120K, reserved 1048576K
Event: 18.302 GC heap after
Heap after GC invocations=12 (full 2):
 PSYoungGen      total 114176K, used 6956K [0x000000076b300000, 0x0000000774400000, 0x00000007c0000000)
  eden space 107008K, 0% used [0x000000076b300000,0x000000076b300000,0x0000000771b80000)
  from space 7168K, 97% used [0x0000000773d00000,0x00000007743cb1f8,0x0000000774400000)
  to   space 17920K, 0% used [0x0000000772100000,0x0000000772100000,0x0000000773280000)
 ParOldGen       total 204288K, used 26094K [0x00000006c1800000, 0x00000006cdf80000, 0x000000076b300000)
  object space 204288K, 12% used [0x00000006c1800000,0x00000006c317b938,0x00000006cdf80000)
 Metaspace       used 39405K, capacity 40172K, committed 40448K, reserved 1085440K
  class space    used 4888K, capacity 5111K, committed 5120K, reserved 1048576K
}
Event: 20.469 GC heap before
{Heap before GC invocations=13 (full 2):
 PSYoungGen      total 114176K, used 113964K [0x000000076b300000, 0x0000000774400000, 0x00000007c0000000)
  eden space 107008K, 100% used [0x000000076b300000,0x0000000771b80000,0x0000000771b80000)
  from space 7168K, 97% used [0x0000000773d00000,0x00000007743cb1f8,0x0000000774400000)
  to   space 17920K, 0% used [0x0000000772100000,0x0000000772100000,0x0000000773280000)
 ParOldGen       total 204288K, used 26094K [0x00000006c1800000, 0x00000006cdf80000, 0x000000076b300000)
  object space 204288K, 12% used [0x00000006c1800000,0x00000006c317b938,0x00000006cdf80000)
 Metaspace       used 41451K, capacity 42280K, committed 42624K, reserved 1087488K
  class space    used 5161K, capacity 5415K, committed 5504K, reserved 1048576K
Event: 20.479 GC heap after
Heap after GC invocations=13 (full 2):
 PSYoungGen      total 130560K, used 9173K [0x000000076b300000, 0x0000000774880000, 0x00000007c0000000)
  eden space 112640K, 0% used [0x000000076b300000,0x000000076b300000,0x0000000772100000)
  from space 17920K, 51% used [0x0000000772100000,0x00000007729f5530,0x0000000773280000)
  to   space 17408K, 0% used [0x0000000773780000,0x0000000773780000,0x0000000774880000)
 ParOldGen       total 204288K, used 26102K [0x00000006c1800000, 0x00000006cdf80000, 0x000000076b300000)
  object space 204288K, 12% used [0x00000006c1800000,0x00000006c317d938,0x00000006cdf80000)
 Metaspace       used 41451K, capacity 42280K, committed 42624K, reserved 1087488K
  class space    used 5161K, capacity 5415K, committed 5504K, reserved 1048576K
}

